2021-09-16 23:53:07 INFO  Loop Output:20 - in launchBrowser method
2021-09-16 23:53:35 INFO  Loop Output:33 - in navigate method
2021-09-16 23:53:55 INFO  Loop Output:118 - in login and minimize Flyout window method
2021-09-16 23:54:02 INFO  Loop Output:75 - in createUser method
2021-09-16 23:54:39 INFO  Loop Output:98 - in deleteUser method
2021-09-16 23:54:46 INFO  Loop Output:46 - in logout method
2021-09-16 23:54:50 INFO  Loop Output:59 - in closeApplication method
2021-09-17 00:08:49 INFO  Loop Output:20 - in launchBrowser method
2021-09-17 00:08:52 INFO  Loop Output:33 - in navigate method
2021-09-17 00:09:00 INFO  Loop Output:118 - in login and minimize Flyout window method
2021-09-17 00:09:07 INFO  Loop Output:75 - in createUser method
2021-09-17 00:09:19 INFO  Loop Output:98 - in deleteUser method
2021-09-17 00:09:26 INFO  Loop Output:46 - in logout method
2021-09-17 00:09:28 INFO  Loop Output:59 - in closeApplication method
2021-09-17 00:09:29 INFO  Loop Output:20 - in launchBrowser method
2021-09-17 00:09:32 INFO  Loop Output:33 - in navigate method
2021-09-17 00:09:40 INFO  Loop Output:139 - in login and minimize Flyout window method
2021-09-17 00:09:50 INFO  Loop Output:75 - in createUser method
2021-09-17 00:10:02 INFO  Loop Output:98 - in modifyUser method
2021-09-17 00:10:19 INFO  Loop Output:119 - in deleteUser method
2021-09-17 00:10:27 INFO  Loop Output:46 - in logout method
2021-09-17 00:10:30 INFO  Loop Output:59 - in closeApplication method
2021-09-17 00:10:34 INFO  Loop Output:19 - in launchBrowser method
2021-09-17 00:10:43 INFO  Loop Output:32 - in navigate method
2021-09-17 00:10:53 INFO  Loop Output:111 - in login and minimize Flyout window method
2021-09-17 00:11:00 INFO  Loop Output:74 - in createCustomer method
2021-09-17 00:11:17 INFO  Loop Output:94 - in deleteCustomer method
2021-09-17 00:11:23 INFO  Loop Output:45 - in logout method
2021-09-17 00:11:26 INFO  Loop Output:58 - in closeApplication method
2021-09-17 00:11:27 INFO  Loop Output:19 - in launchBrowser method
2021-09-17 00:11:29 INFO  Loop Output:32 - in navigate method
2021-09-17 00:11:37 INFO  Loop Output:111 - in login and minimize Flyout window method
2021-09-17 00:11:44 INFO  Loop Output:74 - in createCustomer method
2021-09-17 00:12:00 INFO  Loop Output:138 - In modifyCustomer method
2021-09-17 00:12:02 INFO  Loop Output:94 - in deleteCustomer method
2021-09-17 00:12:04 INFO  Loop Output:45 - in logout method
2021-09-17 00:12:07 INFO  Loop Output:58 - in closeApplication method
2021-09-17 00:12:07 INFO  Loop Output:19 - in launchBrowser method
2021-09-17 00:12:09 INFO  Loop Output:32 - in navigate method
2021-09-17 00:12:17 INFO  Loop Output:148 - in login and minimize Flyout window method
2021-09-17 00:12:23 INFO  Loop Output:74 - in createCustomer method
2021-09-17 00:12:40 INFO  Loop Output:94 - In createProject method
2021-09-17 00:12:41 INFO  Loop Output:113 - In deleteProject method
2021-09-17 00:12:41 INFO  Loop Output:131 - in deleteCustomer method
2021-09-17 00:12:42 INFO  Loop Output:45 - in logout method
2021-09-17 00:12:43 INFO  Loop Output:58 - in closeApplication method
2021-09-17 09:29:16 INFO  Loop Output:20 - in launchBrowser method
2021-09-17 09:29:42 INFO  Loop Output:33 - in navigate method
2021-09-17 09:30:03 INFO  Loop Output:118 - in login and minimize Flyout window method
2021-09-17 09:30:21 INFO  Loop Output:75 - in createUser method
2021-09-17 09:30:40 INFO  Loop Output:98 - in deleteUser method
2021-09-17 09:30:47 INFO  Loop Output:46 - in logout method
2021-09-17 09:30:49 INFO  Loop Output:59 - in closeApplication method
